POST /api/auth/login 401 47 - 5.226 ms 2024-08-20 18:16:19
POST /api/auth/login 401 47 - 1.228 ms 2024-08-20 18:16:23
POST /api/auth/register 201 267 - 65.694 ms 2024-08-20 18:16:25
POST /api/auth/login 200 198 - 58.527 ms 2024-08-20 18:16:28
POST /api/tasks 403 40 - 1.547 ms 2024-08-20 18:16:33
POST /api/tasks 201 228 - 3.441 ms 2024-08-20 18:16:54
GET /api/tasks 403 40 - 0.754 ms 2024-08-20 18:17:06
GET /api/tasks 200 183 - 2.763 ms 2024-08-20 18:17:12
PUT /api/tasks/1 403 40 - 0.968 ms 2024-08-20 18:17:26
PUT /api/tasks/1 200 231 - 3.415 ms 2024-08-20 18:17:35
GET /api/tasks 200 181 - 2.981 ms 2024-08-20 18:17:42
DELETE /api/tasks/1 403 40 - 0.772 ms 2024-08-20 18:17:49
DELETE /api/tasks/1 200 42 - 23.097 ms 2024-08-20 18:17:55
GET /api/tasks 200 2 - 2.685 ms 2024-08-20 18:17:58
GET /api/users 200 216 - 1.335 ms 2024-08-20 18:18:03
GET /register 404 147 - 1.696 ms 2024-08-21 10:39:30
GET / 200 36 - 1.424 ms 2024-08-21 10:43:13
GET /favicon.ico 404 150 - 0.509 ms 2024-08-21 10:43:13
GET / 304 - - 0.268 ms 2024-08-21 10:43:32
OPTIONS /api/auth/register 200 4 - 0.295 ms 2024-08-21 10:51:01
POST /api/auth/register 201 267 - 67.156 ms 2024-08-21 10:51:39
OPTIONS /api/auth/register 200 4 - 0.157 ms 2024-08-21 10:53:17
OPTIONS /api/auth/register 200 4 - 1.900 ms 2024-08-21 10:57:17
POST /api/auth/register 201 262 - 67.298 ms 2024-08-21 10:58:13
POST /api/auth/register 201 260 - 55.502 ms 2024-08-21 11:03:35
GET /api/users 200 419 - 2.998 ms 2024-08-21 11:03:43
POST /api/auth/register 201 251 - 55.890 ms 2024-08-21 11:10:19
POST /api/auth/register 400 52 - 0.191 ms 2024-08-21 11:10:24
POST /api/auth/login 200 196 - 79.409 ms 2024-08-21 11:21:47
POST /api/auth/login 200 196 - 56.701 ms 2024-08-21 11:22:34
POST /api/auth/login 401 47 - 55.303 ms 2024-08-21 11:22:52
POST /api/auth/login 401 47 - 55.687 ms 2024-08-21 11:23:39
POST /api/auth/login 401 47 - 55.834 ms 2024-08-21 11:25:48
POST /api/auth/register 400 52 - 0.206 ms 2024-08-21 11:25:52
POST /api/auth/login 401 47 - 1.108 ms 2024-08-21 11:26:18
POST /api/auth/login 401 47 - 2.089 ms 2024-08-21 11:27:01
POST /api/auth/login 401 47 - 1.156 ms 2024-08-21 11:27:11
POST /api/auth/register 201 260 - 55.575 ms 2024-08-21 11:40:28
POST /api/auth/login 200 196 - 56.028 ms 2024-08-21 11:40:39
POST /api/auth/login 200 196 - 55.878 ms 2024-08-21 11:41:46
POST /api/auth/login 200 196 - 55.978 ms 2024-08-21 11:42:00
POST /api/auth/login 200 196 - 55.967 ms 2024-08-21 11:43:25
POST /api/auth/login 200 196 - 55.751 ms 2024-08-21 11:43:40
POST /api/auth/login 200 196 - 56.578 ms 2024-08-21 11:45:14
POST /api/auth/register 201 258 - 55.769 ms 2024-08-21 12:11:47
POST /api/auth/login 401 47 - 1.182 ms 2024-08-21 12:13:48
POST /api/tasks 401 41 - 0.244 ms 2024-08-21 12:50:01
GET /api/users 200 1032 - 1.395 ms 2024-08-21 12:50:35
POST /api/auth/login 200 196 - 55.631 ms 2024-08-21 12:50:42
POST /api/tasks 401 41 - 0.128 ms 2024-08-21 12:50:46
POST /api/tasks 401 41 - 0.135 ms 2024-08-21 12:50:48
POST /api/auth/register 201 258 - 68.187 ms 2024-08-21 17:04:01
POST /api/auth/login 200 194 - 81.869 ms 2024-08-21 17:04:09
POST /api/tasks 401 41 - 0.283 ms 2024-08-21 17:06:28
POST /api/auth/login 200 194 - 56.361 ms 2024-08-21 17:13:03
POST /api/auth/login 200 194 - 56.383 ms 2024-08-21 17:15:30
POST /api/tasks 401 41 - 0.145 ms 2024-08-21 17:20:41
POST /api/tasks 201 205 - 24.054 ms 2024-08-21 17:22:52
POST /api/auth/login 200 194 - 56.744 ms 2024-08-21 17:36:01
GET /api/tasks 200 160 - 2.868 ms 2024-08-21 17:36:59
GET /api/tasks 304 - - 2.530 ms 2024-08-21 17:36:59
GET /api/tasks 304 - - 3.017 ms 2024-08-21 17:39:54
GET /api/tasks 304 - - 2.740 ms 2024-08-21 17:46:09
GET /api/tasks 304 - - 2.027 ms 2024-08-21 17:46:09
POST /api/auth/login 200 194 - 56.152 ms 2024-08-21 17:48:19
POST /api/auth/login 200 194 - 55.955 ms 2024-08-21 17:49:23
GET /api/tasks 403 40 - 0.749 ms 2024-08-21 17:50:35
POST /api/auth/login 200 194 - 56.919 ms 2024-08-21 17:51:03
GET /api/tasks 200 160 - 2.558 ms 2024-08-21 17:51:20
GET /api/tasks 304 - - 2.382 ms 2024-08-21 17:52:31
GET /api/tasks 304 - - 1.904 ms 2024-08-21 17:52:31
POST /api/tasks 201 206 - 2.596 ms 2024-08-21 17:53:28
GET /api/tasks 200 320 - 2.377 ms 2024-08-21 17:54:21
GET /api/tasks 304 - - 1.909 ms 2024-08-21 17:54:21
GET /api/tasks 304 - - 2.276 ms 2024-08-21 17:56:10
GET /api/tasks 304 - - 2.205 ms 2024-08-21 17:56:10
GET /api/tasks 304 - - 2.380 ms 2024-08-21 17:56:34
GET /api/tasks 304 - - 1.898 ms 2024-08-21 17:56:34
GET /api/tasks 304 - - 2.304 ms 2024-08-21 17:56:37
GET /api/tasks 304 - - 2.110 ms 2024-08-21 17:56:37
GET /api/tasks 304 - - 3.500 ms 2024-08-21 18:10:53
GET /api/tasks 304 - - 2.415 ms 2024-08-21 18:10:53
GET /api/tasks 304 - - 2.439 ms 2024-08-21 18:14:13
GET /api/tasks 304 - - 2.137 ms 2024-08-21 18:14:13
GET /api/tasks 403 40 - 0.178 ms 2024-08-21 18:14:41
GET /api/tasks 403 40 - 0.144 ms 2024-08-21 18:14:41
GET /api/tasks 403 40 - 0.188 ms 2024-08-21 18:18:52
GET /api/tasks 403 40 - 0.131 ms 2024-08-21 18:18:52
GET /api/tasks 403 40 - 0.179 ms 2024-08-21 18:19:04
GET /api/tasks 403 40 - 0.144 ms 2024-08-21 18:19:04
POST /api/auth/login 401 47 - 1.501 ms 2024-08-21 18:19:34
POST /api/auth/login 401 47 - 55.914 ms 2024-08-21 18:19:41
POST /api/auth/login 200 194 - 56.338 ms 2024-08-21 18:19:45
GET /api/tasks 200 320 - 2.596 ms 2024-08-21 18:19:45
GET /api/tasks 304 - - 1.843 ms 2024-08-21 18:19:45
POST /api/tasks 201 203 - 2.421 ms 2024-08-21 18:23:29
GET /api/tasks 200 477 - 2.261 ms 2024-08-21 18:23:31
GET /api/tasks 304 - - 2.015 ms 2024-08-21 18:23:31
POST /api/auth/login 401 47 - 0.979 ms 2024-08-21 18:23:43
POST /api/auth/register 201 260 - 55.292 ms 2024-08-21 18:23:55
POST /api/auth/login 200 196 - 55.621 ms 2024-08-21 18:24:04
GET /api/tasks 200 2 - 2.460 ms 2024-08-21 18:24:04
GET /api/tasks 304 - - 1.949 ms 2024-08-21 18:24:04
POST /api/tasks 201 210 - 2.370 ms 2024-08-21 18:24:17
POST /api/tasks 400 46 - 0.630 ms 2024-08-21 18:24:22
GET /api/tasks 200 165 - 2.089 ms 2024-08-21 18:24:24
GET /api/tasks 304 - - 1.747 ms 2024-08-21 18:24:24
POST /api/auth/login 200 194 - 55.754 ms 2024-08-21 18:24:32
GET /api/tasks 200 477 - 2.294 ms 2024-08-21 18:24:32
GET /api/tasks 304 - - 2.129 ms 2024-08-21 18:24:32
GET /api/tasks 403 40 - 0.193 ms 2024-08-21 18:27:30
GET /api/tasks 403 40 - 0.262 ms 2024-08-21 18:27:30
POST /api/auth/register 201 262 - 55.633 ms 2024-08-21 18:28:24
POST /api/auth/login 401 47 - 55.669 ms 2024-08-21 18:28:30
POST /api/auth/login 200 196 - 56.104 ms 2024-08-21 18:28:35
GET /api/tasks 200 2 - 2.163 ms 2024-08-21 18:28:35
GET /api/tasks 304 - - 1.698 ms 2024-08-21 18:28:35
POST /api/tasks 201 211 - 2.490 ms 2024-08-21 18:28:46
GET /api/tasks 200 166 - 2.611 ms 2024-08-21 18:28:47
GET /api/tasks 304 - - 1.825 ms 2024-08-21 18:28:47
POST /api/auth/login 401 47 - 57.469 ms 2024-08-21 18:29:53
POST /api/auth/login 200 196 - 55.582 ms 2024-08-21 18:29:57
GET /api/tasks 200 165 - 2.445 ms 2024-08-21 18:29:57
GET /api/tasks 304 - - 2.020 ms 2024-08-21 18:29:57
POST /api/auth/login 200 194 - 55.763 ms 2024-08-21 18:50:54
GET /api/tasks 200 477 - 2.247 ms 2024-08-21 18:50:54
GET /api/tasks 304 - - 2.404 ms 2024-08-21 18:50:54
POST /api/tasks 201 298 - 2.636 ms 2024-08-21 18:52:00
GET /api/tasks 200 729 - 2.280 ms 2024-08-21 18:52:03
GET /api/tasks 304 - - 1.849 ms 2024-08-21 18:52:03
POST /api/auth/register 201 266 - 55.471 ms 2024-08-21 18:52:38
POST /api/auth/register 400 52 - 0.126 ms 2024-08-21 18:52:40
POST /api/auth/register 400 52 - 0.128 ms 2024-08-21 18:52:43
POST /api/auth/register 201 255 - 55.564 ms 2024-08-21 18:52:56
POST /api/auth/login 401 47 - 55.229 ms 2024-08-21 18:53:05
POST /api/auth/login 401 47 - 55.194 ms 2024-08-21 18:53:09
POST /api/auth/login 200 200 - 58.280 ms 2024-08-21 18:53:15
GET /api/tasks 200 2 - 2.137 ms 2024-08-21 18:53:15
GET /api/tasks 304 - - 1.724 ms 2024-08-21 18:53:15
POST /api/tasks 201 238 - 2.328 ms 2024-08-21 18:53:32
GET /api/tasks 200 193 - 2.601 ms 2024-08-21 18:53:34
GET /api/tasks 304 - - 2.098 ms 2024-08-21 18:53:34
GET /api/tasks 403 40 - 0.196 ms 2024-08-21 18:53:46
GET /api/tasks 403 40 - 0.120 ms 2024-08-21 18:53:46
POST /api/auth/login 401 47 - 5.004 ms 2024-08-21 18:54:48
POST /api/auth/login 401 47 - 1.608 ms 2024-08-21 18:54:54
POST /api/auth/register 201 258 - 65.266 ms 2024-08-21 18:55:05
POST /api/auth/login 200 194 - 58.392 ms 2024-08-21 18:55:12
GET /api/tasks 200 2 - 3.905 ms 2024-08-21 18:55:12
GET /api/tasks 304 - - 2.322 ms 2024-08-21 18:55:12
POST /api/tasks 201 231 - 2.825 ms 2024-08-21 18:55:31
GET /api/tasks 200 186 - 2.630 ms 2024-08-21 18:55:33
GET /api/tasks 304 - - 2.535 ms 2024-08-21 18:55:33
GET /api/tasks 403 61 - 0.389 ms 2024-08-21 18:55:36
GET /api/tasks 403 61 - 0.224 ms 2024-08-21 18:55:36
POST /api/auth/login 200 194 - 56.651 ms 2024-08-21 18:57:45
GET /api/tasks 200 186 - 2.889 ms 2024-08-21 18:57:45
GET /api/tasks 304 - - 2.210 ms 2024-08-21 18:57:45
GET /api/tasks 304 - - 4.515 ms 2024-08-21 18:58:05
GET /api/tasks 304 - - 2.427 ms 2024-08-21 18:58:16
GET /api/tasks 304 - - 2.703 ms 2024-08-21 18:58:46
GET /api/tasks 304 - - 3.244 ms 2024-08-21 18:58:48
GET /api/tasks 304 - - 3.066 ms 2024-08-21 18:58:51
GET /api/$%7Btext%7D 404 154 - 0.930 ms 2024-08-21 19:27:34
GET /api/$%7Btext%7D 404 154 - 0.308 ms 2024-08-21 19:27:37
GET /api/$%7Btext%7D 404 154 - 0.156 ms 2024-08-21 19:27:37
GET /api/$%7Btext%7D 404 154 - 0.178 ms 2024-08-21 19:28:05
GET /api/$%7Btext%7D 404 154 - 0.227 ms 2024-08-21 19:28:07
GET /api/$%7Btext%7D 404 154 - 0.201 ms 2024-08-21 19:28:07
GET /api/$%7Btext%7D 404 154 - 0.231 ms 2024-08-21 19:28:10
GET /api/$%7Btext%7D 404 154 - 0.139 ms 2024-08-21 19:28:10
GET /api/$%7Btext%7D 404 154 - 0.246 ms 2024-08-21 19:28:56
GET /api/$%7Btext%7D 404 154 - 0.170 ms 2024-08-21 19:28:56
GET /api/$%7Btext%7D 404 154 - 0.260 ms 2024-08-21 19:29:00
GET /api/$%7Btext%7D 404 154 - 0.209 ms 2024-08-21 19:29:00
GET /api/[object%20Object] 404 160 - 0.242 ms 2024-08-21 19:29:46
GET /api/[object%20Object] 404 160 - 0.150 ms 2024-08-21 19:29:46
POST /api/auth/login 200 194 - 56.702 ms 2024-08-21 19:29:52
GET /api/[object%20Object] 404 160 - 0.209 ms 2024-08-21 19:29:52
GET /api/[object%20Object] 404 160 - 0.125 ms 2024-08-21 19:29:52
GET /api/tasks 304 - - 2.374 ms 2024-08-21 19:30:17
GET /api/tasks 304 - - 2.840 ms 2024-08-21 19:30:19
GET /api/tasks 304 - - 2.337 ms 2024-08-21 19:30:19
GET /api/tasks 403 61 - 0.181 ms 2024-08-21 19:30:22
GET /api/tasks 403 61 - 0.176 ms 2024-08-21 19:30:22
POST /api/tasks 403 61 - 0.163 ms 2024-08-21 19:30:28
POST /api/auth/login 200 194 - 56.203 ms 2024-08-21 19:32:06
GET /api/tasks 200 186 - 3.007 ms 2024-08-21 19:32:06
GET /api/tasks 304 - - 2.253 ms 2024-08-21 19:32:06
GET /api/tasks 304 - - 2.294 ms 2024-08-21 19:33:21
GET /api/tasks 304 - - 2.589 ms 2024-08-21 19:33:28
GET /api/tasks 304 - - 2.174 ms 2024-08-21 19:33:34
GET /api/tasks 304 - - 2.150 ms 2024-08-21 19:38:12
GET /api/tasks 304 - - 2.053 ms 2024-08-21 19:39:46
GET /api/tasks 304 - - 2.613 ms 2024-08-21 19:40:35
POST /api/auth/login 200 194 - 55.954 ms 2024-08-21 19:41:50
GET /api/tasks 304 - - 2.190 ms 2024-08-21 19:41:50
GET /api/tasks 304 - - 2.059 ms 2024-08-21 19:41:50
GET /api/tasks 304 - - 2.194 ms 2024-08-21 19:42:10
GET /api/tasks 304 - - 2.236 ms 2024-08-21 19:48:15
GET /api/tasks 304 - - 2.278 ms 2024-08-21 19:48:31
GET /api/tasks 304 - - 1.842 ms 2024-08-21 19:48:31
GET /api/tasks 304 - - 2.220 ms 2024-08-21 19:49:24
GET /api/tasks 304 - - 1.727 ms 2024-08-21 19:49:24
GET /api/tasks 304 - - 2.238 ms 2024-08-21 19:55:26
GET /api/tasks 304 - - 1.857 ms 2024-08-21 19:55:26
POST /api/tasks/1 404 151 - 0.195 ms 2024-08-21 19:55:45
POST /api/tasks/1 404 151 - 0.099 ms 2024-08-21 19:55:56
POST /api/tasks/1 404 151 - 0.107 ms 2024-08-21 19:55:58
POST /api/tasks/1 404 151 - 0.109 ms 2024-08-21 19:57:20
PUT /api/tasks/1 200 222 - 3.256 ms 2024-08-21 19:57:36
GET /api/tasks 200 172 - 2.416 ms 2024-08-21 19:57:39
GET /api/tasks 304 - - 1.613 ms 2024-08-21 19:57:39
GET /api/tasks 304 - - 2.062 ms 2024-08-21 19:58:20
GET /api/tasks 304 - - 1.663 ms 2024-08-21 19:58:20
GET /api/tasks/1 404 150 - 0.185 ms 2024-08-21 19:59:27
GET /api/tasks/1 404 150 - 0.147 ms 2024-08-21 19:59:27
GET /api/tasks/1 404 150 - 0.203 ms 2024-08-21 19:59:57
GET /api/tasks/1 404 150 - 0.141 ms 2024-08-21 19:59:57
GET /api/tasks 304 - - 2.094 ms 2024-08-21 19:59:58
GET /api/tasks 304 - - 1.934 ms 2024-08-21 19:59:58
GET /api/tasks 304 - - 2.176 ms 2024-08-21 20:00:04
GET /api/tasks 304 - - 1.970 ms 2024-08-21 20:00:04
GET /api/tasks 304 - - 2.612 ms 2024-08-21 20:01:42
GET /api/tasks 304 - - 2.381 ms 2024-08-21 20:05:19
GET /api/tasks 304 - - 1.700 ms 2024-08-21 20:05:19
GET /api/tasks 304 - - 2.713 ms 2024-08-21 20:12:02
GET /api/tasks 304 - - 1.981 ms 2024-08-21 20:12:02
GET /api/tasks 304 - - 2.033 ms 2024-08-21 20:12:53
GET /api/tasks 304 - - 1.772 ms 2024-08-21 20:12:53
GET /api/tasks 304 - - 2.732 ms 2024-08-21 20:22:39
GET /api/tasks 304 - - 2.023 ms 2024-08-21 20:22:39
GET /api/tasks 304 - - 2.007 ms 2024-08-21 20:23:26
GET /api/tasks 304 - - 1.822 ms 2024-08-21 20:23:26
GET /api/tasks 304 - - 2.360 ms 2024-08-21 20:25:27
GET /api/tasks 304 - - 1.743 ms 2024-08-21 20:25:27
PUT /api/tasks/1 200 223 - 2.328 ms 2024-08-21 20:29:04
GET /api/tasks 200 173 - 2.126 ms 2024-08-21 20:29:09
GET /api/tasks 304 - - 1.999 ms 2024-08-21 20:29:09
POST /api/tasks 201 229 - 2.626 ms 2024-08-21 20:31:11
GET /api/tasks 200 356 - 2.126 ms 2024-08-21 20:31:20
GET /api/tasks 304 - - 1.735 ms 2024-08-21 20:31:20
PUT /api/tasks/2 200 234 - 1.631 ms 2024-08-21 20:32:09
GET /api/tasks 304 - - 2.285 ms 2024-08-21 20:32:11
GET /api/tasks 304 - - 2.116 ms 2024-08-21 20:32:11
PUT /api/tasks/1 200 223 - 1.749 ms 2024-08-21 20:32:14
GET /api/tasks 304 - - 2.337 ms 2024-08-21 20:32:14
GET /api/tasks 304 - - 1.677 ms 2024-08-21 20:32:14
PUT /api/tasks/2 200 232 - 2.228 ms 2024-08-21 20:32:23
GET /api/tasks 200 354 - 2.081 ms 2024-08-21 20:32:24
GET /api/tasks 304 - - 1.960 ms 2024-08-21 20:32:24
POST /api/auth/login 200 194 - 55.975 ms 2024-08-21 20:35:04
GET /api/tasks 304 - - 2.556 ms 2024-08-21 20:35:04
GET /api/tasks 304 - - 2.679 ms 2024-08-21 20:35:04
GET /api/tasks 304 - - 2.219 ms 2024-08-21 20:36:49
PUT /api/tasks/1 200 224 - 2.295 ms 2024-08-21 20:36:58
GET /api/tasks 200 355 - 2.237 ms 2024-08-21 20:37:00
GET /api/tasks 304 - - 1.867 ms 2024-08-21 20:37:00
GET /api/tasks 304 - - 2.222 ms 2024-08-21 20:38:43
GET /api/tasks 304 - - 2.229 ms 2024-08-21 20:47:24
GET /api/tasks 304 - - 2.249 ms 2024-08-21 20:47:55
GET /api/tasks 304 - - 1.970 ms 2024-08-21 20:47:55
POST /api/auth/login 401 47 - 0.940 ms 2024-08-21 20:48:06
POST /api/auth/login 200 194 - 55.612 ms 2024-08-21 20:48:10
GET /api/tasks 304 - - 2.334 ms 2024-08-21 20:48:10
GET /api/tasks 304 - - 1.816 ms 2024-08-21 20:48:10
GET /api/tasks 304 - - 2.364 ms 2024-08-21 20:48:55
GET /api/tasks 304 - - 2.203 ms 2024-08-21 20:51:11
GET /api/tasks 304 - - 2.118 ms 2024-08-21 20:51:26
GET /api/tasks 304 - - 1.797 ms 2024-08-21 20:51:26
DELETE /api/tasks/1 403 61 - 0.733 ms 2024-08-21 20:52:59
GET /api/tasks 304 - - 2.286 ms 2024-08-21 20:53:36
GET /api/tasks 304 - - 2.141 ms 2024-08-21 20:54:50
GET /api/tasks 304 - - 1.599 ms 2024-08-21 20:54:50
GET /api/tasks 304 - - 1.997 ms 2024-08-21 20:55:57
GET /api/tasks 304 - - 2.044 ms 2024-08-21 20:55:57
GET /api/tasks 304 - - 2.152 ms 2024-08-21 20:57:42
DELETE /api/tasks/2 200 42 - 7.201 ms 2024-08-21 20:57:44
GET /api/tasks 200 174 - 2.429 ms 2024-08-21 20:57:46
GET /api/tasks 304 - - 1.717 ms 2024-08-21 20:57:46
GET /api/tasks 304 - - 2.263 ms 2024-08-21 20:58:26
DELETE /api/tasks/1 200 42 - 1.950 ms 2024-08-21 20:58:27
GET /api/tasks 200 2 - 2.171 ms 2024-08-21 20:58:27
GET /api/tasks 304 - - 1.597 ms 2024-08-21 20:58:27
POST /api/tasks 201 255 - 2.671 ms 2024-08-21 20:59:06
GET /api/tasks 200 210 - 2.139 ms 2024-08-21 20:59:07
GET /api/tasks 304 - - 1.623 ms 2024-08-21 20:59:07
POST /api/tasks 201 252 - 2.204 ms 2024-08-21 20:59:50
GET /api/tasks 200 416 - 2.108 ms 2024-08-21 20:59:52
GET /api/tasks 304 - - 1.743 ms 2024-08-21 20:59:52
POST /api/tasks 201 221 - 2.211 ms 2024-08-21 21:00:16
GET /api/tasks 200 591 - 2.225 ms 2024-08-21 21:00:16
GET /api/tasks 304 - - 1.793 ms 2024-08-21 21:00:16
DELETE /api/tasks/5 200 42 - 1.995 ms 2024-08-21 21:00:19
GET /api/tasks 200 416 - 2.483 ms 2024-08-21 21:00:20
GET /api/tasks 304 - - 2.053 ms 2024-08-21 21:00:20
PUT /api/tasks/4 200 255 - 2.272 ms 2024-08-21 21:00:28
GET /api/tasks 200 414 - 2.079 ms 2024-08-21 21:00:30
GET /api/tasks 304 - - 1.770 ms 2024-08-21 21:00:30
PUT /api/tasks/3 200 258 - 2.185 ms 2024-08-21 21:00:38
PUT /api/tasks/null 403 61 - 0.164 ms 2024-08-21 21:00:44
POST /api/auth/register 201 260 - 56.075 ms 2024-08-21 21:01:29
POST /api/auth/login 200 196 - 56.022 ms 2024-08-21 21:01:41
GET /api/tasks 200 2 - 1.980 ms 2024-08-21 21:01:41
GET /api/tasks 304 - - 1.583 ms 2024-08-21 21:01:41
GET /api/tasks 304 - - 2.027 ms 2024-08-21 21:01:54
GET /api/tasks 304 - - 1.696 ms 2024-08-21 21:01:54
GET /api/tasks 304 - - 2.269 ms 2024-08-21 21:01:56
GET /api/tasks 304 - - 1.545 ms 2024-08-21 21:01:56
GET /api/tasks 304 - - 2.042 ms 2024-08-21 21:01:58
GET /api/tasks 304 - - 1.512 ms 2024-08-21 21:01:58
GET /api/tasks 304 - - 1.958 ms 2024-08-21 21:02:00
GET /api/tasks 304 - - 1.906 ms 2024-08-21 21:02:00
POST /api/tasks 201 196 - 2.266 ms 2024-08-21 21:02:06
GET /api/tasks 200 151 - 2.208 ms 2024-08-21 21:02:08
GET /api/tasks 304 - - 1.623 ms 2024-08-21 21:02:08
GET /api/tasks 304 - - 2.199 ms 2024-08-21 21:09:06
POST /api/auth/login 200 194 - 55.740 ms 2024-08-21 21:09:56
GET /api/tasks 200 412 - 2.121 ms 2024-08-21 21:09:56
GET /api/tasks 304 - - 1.725 ms 2024-08-21 21:09:56
POST /api/auth/login 401 47 - 54.794 ms 2024-08-21 21:10:05
POST /api/auth/login 401 47 - 0.885 ms 2024-08-21 21:10:09
POST /api/auth/login 401 47 - 0.828 ms 2024-08-21 21:10:13
POST /api/auth/login 200 196 - 55.342 ms 2024-08-21 21:10:17
GET /api/tasks 200 151 - 1.919 ms 2024-08-21 21:10:17
GET /api/tasks 304 - - 1.890 ms 2024-08-21 21:10:17
2024-08-21 21:21:33 - Registro exitoso: Usuario: jaime
POST /api/auth/register 201 258 - 68.295 ms 2024-08-21 21:21:33
2024-08-21 21:22:40 - Login fallido: Usuario: jaime
POST /api/auth/login 401 47 - 58.976 ms 2024-08-21 21:22:40
2024-08-21 21:22:47 - Login exitoso: Usuario: jaime
POST /api/auth/login 200 194 - 57.944 ms 2024-08-21 21:22:47
2024-08-21 21:22:47 - Consulta de tareas exitosa: Usuario: jaime
GET /api/tasks 200 2 - 3.886 ms 2024-08-21 21:22:47
2024-08-21 21:22:47 - Consulta de tareas exitosa: Usuario: jaime
GET /api/tasks 304 - - 2.403 ms 2024-08-21 21:22:47
2024-08-21 21:23:03 - Creación de tarea fallida: Datos faltantes
POST /api/tasks 400 46 - 1.115 ms 2024-08-21 21:23:03
2024-08-21 21:23:17 - Creación de tarea exitosa: Usuario: jaime, Tarea: prueba
POST /api/tasks 201 216 - 3.056 ms 2024-08-21 21:23:17
2024-08-21 21:23:23 - Consulta de tareas exitosa: Usuario: jaime
GET /api/tasks 200 171 - 2.755 ms 2024-08-21 21:23:23
2024-08-21 21:23:23 - Consulta de tareas exitosa: Usuario: jaime
GET /api/tasks 304 - - 3.131 ms 2024-08-21 21:23:23
2024-08-21 21:23:32 - Actualización de tarea exitosa: Usuario: jaime, Tarea: 1
PUT /api/tasks/1 200 217 - 3.716 ms 2024-08-21 21:23:32
2024-08-21 21:23:37 - Consulta de tareas exitosa: Usuario: jaime
GET /api/tasks 200 167 - 3.046 ms 2024-08-21 21:23:37
2024-08-21 21:23:37 - Consulta de tareas exitosa: Usuario: jaime
GET /api/tasks 304 - - 2.325 ms 2024-08-21 21:23:37
2024-08-21 21:23:41 - Eliminación de tarea exitosa: Usuario: jaime, Tarea: 1
DELETE /api/tasks/1 200 42 - 2.912 ms 2024-08-21 21:23:41
2024-08-21 21:23:41 - Consulta de tareas exitosa: Usuario: jaime
GET /api/tasks 200 2 - 2.827 ms 2024-08-21 21:23:41
2024-08-21 21:23:41 - Consulta de tareas exitosa: Usuario: jaime
GET /api/tasks 304 - - 2.357 ms 2024-08-21 21:23:41
2024-08-21 22:35:48 - Autenticación fallida: Token no proporcionado
POST /api/palindrome 401 41 - 3.666 ms 2024-08-21 22:35:48
2024-08-21 22:38:01 - Registro exitoso: Usuario: usuario3
POST /api/auth/register 201 267 - 66.386 ms 2024-08-21 22:38:01
2024-08-21 22:38:20 - Login exitoso: Usuario: usuario3
POST /api/auth/login 200 198 - 61.868 ms 2024-08-21 22:38:20
2024-08-21 22:38:50 - Búsqueda de palíndromo exitosa: Texto: abacdfgdcaba, Palíndromo: aba
POST /api/palindrome 200 27 - 2.274 ms 2024-08-21 22:38:50
2024-08-21 22:39:08 - Búsqueda de palíndromo exitosa: Texto: ascdfgdcda, Palíndromo: dcd
POST /api/palindrome 200 27 - 1.229 ms 2024-08-21 22:39:08
GET /register 404 147 - 1.655 ms 2024-08-22 11:08:35
2024-08-22 11:09:25 - Registro exitoso: Usuario: jaime
POST /api/auth/register 201 258 - 66.706 ms 2024-08-22 11:09:25
2024-08-22 11:09:35 - Login fallido: Usuario: jaime
POST /api/auth/login 401 47 - 58.765 ms 2024-08-22 11:09:35
2024-08-22 11:09:41 - Login fallido: Usuario: jaime
POST /api/auth/login 401 47 - 56.000 ms 2024-08-22 11:09:41
2024-08-22 11:09:50 - Login fallido: Usuario: jaime
POST /api/auth/login 401 47 - 56.382 ms 2024-08-22 11:09:50
2024-08-22 11:10:06 - Registro exitoso: Usuario: andres
POST /api/auth/register 201 260 - 56.180 ms 2024-08-22 11:10:06
2024-08-22 11:10:13 - Login exitoso: Usuario: andres
POST /api/auth/login 200 196 - 79.714 ms 2024-08-22 11:10:13
2024-08-22 11:10:13 - Consulta de tareas exitosa: Usuario: andres
GET /api/tasks 304 - - 3.845 ms 2024-08-22 11:10:13
2024-08-22 11:10:13 - Consulta de tareas exitosa: Usuario: andres
GET /api/tasks 304 - - 2.249 ms 2024-08-22 11:10:13
2024-08-22 11:10:42 - Consulta de tareas exitosa: Usuario: andres
GET /api/tasks 304 - - 2.832 ms 2024-08-22 11:10:42
2024-08-22 11:12:46 - Creación de tarea exitosa: Usuario: andres, Tarea: pruve
POST /api/tasks 201 201 - 3.296 ms 2024-08-22 11:12:46
2024-08-22 11:12:47 - Consulta de tareas exitosa: Usuario: andres
GET /api/tasks 200 156 - 2.890 ms 2024-08-22 11:12:47
2024-08-22 11:12:47 - Consulta de tareas exitosa: Usuario: andres
GET /api/tasks 304 - - 2.195 ms 2024-08-22 11:12:47
2024-08-22 11:13:18 - Consulta de tareas exitosa: Usuario: andres
GET /api/tasks 304 - - 2.496 ms 2024-08-22 11:13:18
2024-08-22 11:13:18 - Consulta de tareas exitosa: Usuario: andres
GET /api/tasks 304 - - 2.465 ms 2024-08-22 11:13:18
2024-08-22 11:16:03 - Consulta de tareas exitosa: Usuario: andres
GET /api/tasks 304 - - 2.582 ms 2024-08-22 11:16:03
2024-08-22 11:16:03 - Consulta de tareas exitosa: Usuario: andres
GET /api/tasks 304 - - 2.510 ms 2024-08-22 11:16:03
2024-08-22 11:18:37 - Búsqueda de palíndromo fallida: Texto no proporcionado
POST /api/palindrome 400 55 - 1.251 ms 2024-08-22 11:18:37
2024-08-22 11:20:03 - Búsqueda de palíndromo fallida: Texto no proporcionado
POST /api/palindrome 400 55 - 1.079 ms 2024-08-22 11:20:03
2024-08-22 11:24:50 - Búsqueda de palíndromo exitosa: Texto: aba, Palíndromo: aba
POST /api/palindrome 200 27 - 1.087 ms 2024-08-22 11:24:50
2024-08-22 11:24:52 - Búsqueda de palíndromo fallida: Texto no proporcionado
POST /api/palindrome 400 55 - 0.983 ms 2024-08-22 11:24:52
2024-08-22 11:24:56 - Búsqueda de palíndromo exitosa: Texto: aba, Palíndromo: aba
POST /api/palindrome 200 27 - 1.052 ms 2024-08-22 11:24:56
2024-08-22 11:24:58 - Búsqueda de palíndromo exitosa: Texto: aba, Palíndromo: aba
POST /api/palindrome 200 27 - 1.033 ms 2024-08-22 11:24:58
2024-08-22 11:27:35 - Búsqueda de palíndromo exitosa: Texto: aba, Palíndromo: aba
POST /api/palindrome 200 27 - 1.100 ms 2024-08-22 11:27:35
2024-08-22 11:27:40 - Búsqueda de palíndromo exitosa: Texto: sadsadsadsadsadsadsad, Palíndromo: s
POST /api/palindrome 200 25 - 0.984 ms 2024-08-22 11:27:40
2024-08-22 11:27:55 - Búsqueda de palíndromo exitosa: Texto: sadsadsadsadsadsa, Palíndromo: s
POST /api/palindrome 200 25 - 1.005 ms 2024-08-22 11:27:55
2024-08-22 11:28:06 - Búsqueda de palíndromo exitosa: Texto: djdjdjdjd, Palíndromo: djdjdjdjd
POST /api/palindrome 200 33 - 0.964 ms 2024-08-22 11:28:06
2024-08-22 11:28:14 - Consulta de tareas exitosa: Usuario: andres
GET /api/tasks 304 - - 2.526 ms 2024-08-22 11:28:14
2024-08-22 11:28:14 - Consulta de tareas exitosa: Usuario: andres
GET /api/tasks 304 - - 2.302 ms 2024-08-22 11:28:14
2024-08-22 12:10:19 - Login fallido: Usuario: andres
POST /api/auth/login 401 47 - 1225.488 ms 2024-08-22 12:10:19
2024-08-22 12:10:37 - Registro exitoso: Usuario: jaime
POST /api/auth/register 201 258 - 1480.208 ms 2024-08-22 12:10:37
2024-08-22 12:11:07 - Login exitoso: Usuario: jaime
POST /api/auth/login 200 194 - 1221.085 ms 2024-08-22 12:11:07
2024-08-22 12:11:08 - Consulta de tareas exitosa: Usuario: jaime
GET /api/tasks 200 2 - 284.727 ms 2024-08-22 12:11:08
2024-08-22 12:11:08 - Consulta de tareas exitosa: Usuario: jaime
GET /api/tasks 304 - - 279.555 ms 2024-08-22 12:11:08
2024-08-22 12:11:28 - Creación de tarea fallida: Datos faltantes
POST /api/tasks 400 46 - 1.193 ms 2024-08-22 12:11:28
2024-08-22 12:11:35 - Creación de tarea exitosa: Usuario: jaime, Tarea: prueba
POST /api/tasks 201 252 - 1483.671 ms 2024-08-22 12:11:35
2024-08-22 12:11:48 - Consulta de tareas exitosa: Usuario: jaime
GET /api/tasks 200 207 - 1477.187 ms 2024-08-22 12:11:48
2024-08-22 12:11:48 - Consulta de tareas exitosa: Usuario: jaime
GET /api/tasks 304 - - 294.599 ms 2024-08-22 12:11:48
2024-08-22 12:14:00 - Actualización de tarea exitosa: Usuario: jaime, Tarea: 1
PUT /api/tasks/1 200 253 - 1657.768 ms 2024-08-22 12:14:00
2024-08-22 12:14:34 - Consulta de tareas exitosa: Usuario: jaime
GET /api/tasks 200 203 - 1388.057 ms 2024-08-22 12:14:34
2024-08-22 12:14:34 - Consulta de tareas exitosa: Usuario: jaime
GET /api/tasks 304 - - 285.964 ms 2024-08-22 12:14:34
2024-08-22 12:16:50 - Búsqueda de palíndromo exitosa: Texto: fjfjfjf, Palíndromo: fjfjfjf
POST /api/palindrome 200 31 - 1.380 ms 2024-08-22 12:16:50
2024-08-22 12:17:02 - Búsqueda de palíndromo exitosa: Texto: abcdefghijklmnopqrstuvwxyz, Palíndromo: a
POST /api/palindrome 200 25 - 1.107 ms 2024-08-22 12:17:02
2024-08-22 12:17:18 - Búsqueda de palíndromo exitosa: Texto: abcdefghijklmnopqrstuvwxyza, Palíndromo: a
POST /api/palindrome 200 25 - 1.001 ms 2024-08-22 12:17:18
2024-08-22 12:17:22 - Búsqueda de palíndromo exitosa: Texto: abcdefghijklmnopqrstuvwxyzaz, Palíndromo: zaz
POST /api/palindrome 200 27 - 1.027 ms 2024-08-22 12:17:22
2024-08-22 12:38:01 - Búsqueda de palíndromo exitosa: Texto: abcdefghijklmnopqrstuvwxyzaz, Palíndromo: zaz
POST /api/palindrome 200 27 - 5.084 ms 2024-08-22 12:38:01
2024-08-22 12:38:09 - Login fallido: Usuario: jaime
POST /api/auth/login 401 47 - 1497.456 ms 2024-08-22 12:38:09
2024-08-22 12:38:22 - Login fallido: Usuario: jaime
POST /api/auth/login 401 47 - 1231.075 ms 2024-08-22 12:38:22
2024-08-22 12:39:48 - Registro exitoso: Usuario: jaime
POST /api/auth/register 201 258 - 1501.601 ms 2024-08-22 12:39:48
2024-08-22 12:44:47 - Registro exitoso: Usuario: jaime
POST /api/auth/register 201 258 - 1476.060 ms 2024-08-22 12:44:47
2024-08-22 12:44:55 - Login exitoso: Usuario: jaime
POST /api/auth/login 200 194 - 200.126 ms 2024-08-22 12:44:55
2024-08-22 12:44:55 - Consulta de tareas exitosa: Usuario: jaime
GET /api/tasks 200 2 - 290.978 ms 2024-08-22 12:44:55
2024-08-22 12:44:55 - Consulta de tareas exitosa: Usuario: jaime
GET /api/tasks 304 - - 284.933 ms 2024-08-22 12:44:56
2024-08-22 12:45:11 - Creación de tarea exitosa: Usuario: jaime, Tarea: Prueba
POST /api/tasks 201 205 - 1407.514 ms 2024-08-22 12:45:11
2024-08-22 12:45:13 - Consulta de tareas exitosa: Usuario: jaime
GET /api/tasks 200 160 - 285.095 ms 2024-08-22 12:45:13
2024-08-22 12:45:13 - Consulta de tareas exitosa: Usuario: jaime
GET /api/tasks 304 - - 281.573 ms 2024-08-22 12:45:13
2024-08-22 12:45:20 - Búsqueda de palíndromo exitosa: Texto: zaz, Palíndromo: zaz
POST /api/palindrome 200 27 - 1.248 ms 2024-08-22 12:45:20
2024-08-22 12:45:25 - Búsqueda de palíndromo exitosa: Texto: anfbendjgfue, Palíndromo: a
POST /api/palindrome 200 25 - 1.274 ms 2024-08-22 12:45:25
2024-08-22 12:45:29 - Consulta de tareas exitosa: Usuario: jaime
GET /api/tasks 304 - - 1304.641 ms 2024-08-22 12:45:29
2024-08-22 12:45:29 - Consulta de tareas exitosa: Usuario: jaime
GET /api/tasks 304 - - 283.155 ms 2024-08-22 12:45:29
2024-08-22 12:45:49 - Login exitoso: Usuario: jaime
POST /api/auth/login 200 194 - 1414.804 ms 2024-08-22 12:45:49
2024-08-22 12:45:50 - Consulta de tareas exitosa: Usuario: jaime
GET /api/tasks 304 - - 295.339 ms 2024-08-22 12:45:50
2024-08-22 12:45:50 - Consulta de tareas exitosa: Usuario: jaime
GET /api/tasks 304 - - 288.892 ms 2024-08-22 12:45:50
